ADAU145X Assembler, Analog Devices Inc.
Version: 4.7.0,1827  (built 4/5/2022)

##### Compile Started: Friday, September 9, 2022 6:56:52 PM #####
ADAU145X Assembler, Analog Devices Inc.
Version: 4.7.0,1827  (built 4/5/2022)

##### Compile Started: Friday, September 9, 2022 6:56:52 PM #####
##### Compile succeeded:  0 errors, 0 warnings #####

##### Summary #####
DM0 RAM used:       00064    (of 20480)
DM1 RAM used:       00036    (of 20480)
PM  RAM used(Data): 00000    (of 8192)
PM  RAM used(Inst): 00228    (of 8192) 199 instructions (32bit: 170  64bit: 29)
Total PM used:      00228    (of 8192)

--------------------------------------------------------------------------------------
STREAM                        Inst      Inst      DM0     DM1     PM
Instance                      (cycles)  (size)    
--------------------------------------------------------------------------------------
STACK                          -         -        16      0       0       
Router2                       57        76        32      16      0
AsymmSoftClip1                56        56        6       2       0
FRAMEWORK                     52        33        4       7       0
Gain1                         7         7         1       2       0
Input1                        4         4         0       2       0
Input2                        4         4         0       2       0
Switch3                       2         2         1       1       0
Output2                       2         2         0       0       0
Output1                       2         2         0       0       0
--------------------------------------------------------------------------------------
Total                         186       186       60      32      0
--------------------------------------------------------------------------------------
(% Fs=44.1kHz)                3%        3%        1%      1%      0%

