ADAU145X Assembler, Analog Devices Inc.
Version: 4.7.0,1827  (built 4/5/2022)

##### Compile Started: Tuesday, September 20, 2022 8:15:19 PM #####
ADAU145X Assembler, Analog Devices Inc.
Version: 4.7.0,1827  (built 4/5/2022)

##### Compile Started: Tuesday, September 20, 2022 8:15:19 PM #####
##### Compile succeeded:  0 errors, 0 warnings #####

##### Summary #####
DM0 RAM used:       00062    (of 20480)
DM1 RAM used:       00036    (of 20480)
PM  RAM used(Data): 00000    (of 8192)
PM  RAM used(Inst): 00216    (of 8192) 187 instructions (32bit: 158  64bit: 29)
Total PM used:      00216    (of 8192)

--------------------------------------------------------------------------------------
STREAM                        Inst      Inst      DM0     DM1     PM
Instance                      (cycles)  (size)    
--------------------------------------------------------------------------------------
STACK                          -         -        16      0       0       
Router2                       57        76        32      16      0
SoftClip1                     44        44        4       2       0
FRAMEWORK                     52        33        4       7       0
Gain1                         7         7         1       2       0
Input1                        4         4         0       2       0
Input2                        4         4         0       2       0
Switch3                       2         2         1       1       0
Output2                       2         2         0       0       0
Output1                       2         2         0       0       0
--------------------------------------------------------------------------------------
Total                         174       174       58      32      0
--------------------------------------------------------------------------------------
(% Fs=44.1kHz)                3%        3%        1%      1%      0%

