ADAU145X Assembler, Analog Devices Inc.
Version: 4.7.0,1827  (built 4/5/2022)

##### Compile Started: Tuesday, September 20, 2022 6:56:39 PM #####
ADAU145X Assembler, Analog Devices Inc.
Version: 4.7.0,1827  (built 4/5/2022)

##### Compile Started: Tuesday, September 20, 2022 6:56:39 PM #####
##### Compile succeeded:  0 errors, 0 warnings #####

##### Summary #####
DM0 RAM used:       00125    (of 20480)
DM1 RAM used:       00117    (of 20480)
PM  RAM used(Data): 00000    (of 8192)
PM  RAM used(Inst): 00424    (of 8192) 285 instructions (32bit: 146  64bit: 139)
Total PM used:      00424    (of 8192)

--------------------------------------------------------------------------------------
STREAM                        Inst      Inst      DM0     DM1     PM
Instance                      (cycles)  (size)    
--------------------------------------------------------------------------------------
STACK                          -         -        16      0       0       
Router2                       57        76        32      14      0
High Shelf                    27        49        12      19      0
High/Low pass                 27        49        12      17      0
High/Low pass_2               27        49        12      17      0
Peaking                       27        49        12      17      0
Notch                         27        49        12      17      0
FRAMEWORK                     58        39        12      7       0
Input1                        4         4         0       2       0
Input2                        4         4         0       2       0
Switch3                       2         2         1       1       0
Output2                       2         2         0       0       0
Output1                       2         2         0       0       0
--------------------------------------------------------------------------------------
Total                         264       374       121     113     0
--------------------------------------------------------------------------------------
(% Fs=44.1kHz)                4%        5%        1%      1%      0%

